Fly_TypeI.txt:nnnCnnnnn	Fly_TypeI.txt:nnnCnnnnn	0;(0,0)
Fly_TypeI.txt:nnnCnnnnn	Fly_sub1.txt:nwnCnGnnn	0.227076;(0,0)
Fly_TypeI.txt:nnnCnnnnn	Fly_sub2.txt:nnnCnGnnn	0.0583776;(0,0)
Fly_TypeI.txt:nnnCnnnnn	Fly_sub3.txt:nnnCGnnGn	0.0478228;(0,0)
Fly_TypeI.txt:nnnCnnnnn	Human_TypeI.txt:nnnCrGGnn	0.0827252;(0,0)
Fly_TypeI.txt:nnnCnnnnn	Mouse_TypeI.txt:nnnCrnnnn	0.0633352;(0,0)
Fly_TypeI.txt:nnnCnnnnn	XL_TypeI.txt:nnnCrnnnn	0.0746471;(0,0)
Fly_TypeI.txt:nnnCnnnnn	XT_TypeI.txt:nnnCrnnnn	0.0582312;(0,0)
Fly_TypeI.txt:nnnCnnnnn	ZF_TypeI.txt:nnnCrnnnn	0.0447458;(0,0)
Fly_sub1.txt:nwnCnGnnn	Fly_TypeI.txt:nnnCnnnnn	0.227076;(0,0)
Fly_sub1.txt:nwnCnGnnn	Fly_sub1.txt:nwnCnGnnn	0;(0,0)
Fly_sub1.txt:nwnCnGnnn	Fly_sub2.txt:nnnCnGnnn	0.194294;(0,0)
Fly_sub1.txt:nwnCnGnnn	Fly_sub3.txt:nnnCGnnGn	0.458666;(0,0)
Fly_sub1.txt:nwnCnGnnn	Human_TypeI.txt:nnnCrGGnn	0.239208;(0,0)
Fly_sub1.txt:nwnCnGnnn	Mouse_TypeI.txt:nnnCrnnnn	0.217646;(0,0)
Fly_sub1.txt:nwnCnGnnn	XL_TypeI.txt:nnnCrnnnn	0.237209;(0,0)
Fly_sub1.txt:nwnCnGnnn	XT_TypeI.txt:nnnCrnnnn	0.232104;(0,0)
Fly_sub1.txt:nwnCnGnnn	ZF_TypeI.txt:nnnCrnnnn	0.218839;(0,0)
Fly_sub2.txt:nnnCnGnnn	Fly_TypeI.txt:nnnCnnnnn	0.0583776;(0,0)
Fly_sub2.txt:nnnCnGnnn	Fly_sub1.txt:nwnCnGnnn	0.194294;(0,0)
Fly_sub2.txt:nnnCnGnnn	Fly_sub2.txt:nnnCnGnnn	0;(0,0)
Fly_sub2.txt:nnnCnGnnn	Fly_sub3.txt:nnnCGnnGn	0.188675;(0,0)
Fly_sub2.txt:nnnCnGnnn	Human_TypeI.txt:nnnCrGGnn	0.0709993;(0,0)
Fly_sub2.txt:nnnCnGnnn	Mouse_TypeI.txt:nnnCrnnnn	0.065193;(0,0)
Fly_sub2.txt:nnnCnGnnn	XL_TypeI.txt:nnnCrnnnn	0.109352;(0,0)
Fly_sub2.txt:nnnCnGnnn	XT_TypeI.txt:nnnCrnnnn	0.0871975;(0,0)
Fly_sub2.txt:nnnCnGnnn	ZF_TypeI.txt:nnnCrnnnn	0.0820157;(0,0)
Fly_sub3.txt:nnnCGnnGn	Fly_TypeI.txt:nnnCnnnnn	0.0478228;(0,0)
Fly_sub3.txt:nnnCGnnGn	Fly_sub1.txt:nwnCnGnnn	0.458666;(0,0)
Fly_sub3.txt:nnnCGnnGn	Fly_sub2.txt:nnnCnGnnn	0.188675;(0,0)
Fly_sub3.txt:nnnCGnnGn	Fly_sub3.txt:nnnCGnnGn	0;(0,0)
Fly_sub3.txt:nnnCGnnGn	Human_TypeI.txt:nnnCrGGnn	0.179901;(0,0)
Fly_sub3.txt:nnnCGnnGn	Mouse_TypeI.txt:nnnCrnnnn	0.157057;(0,0)
Fly_sub3.txt:nnnCGnnGn	XL_TypeI.txt:nnnCrnnnn	0.14971;(0,0)
Fly_sub3.txt:nnnCGnnGn	XT_TypeI.txt:nnnCrnnnn	0.131291;(0,0)
Fly_sub3.txt:nnnCGnnGn	ZF_TypeI.txt:nnnCrnnnn	0.114913;(0,0)
Human_TypeI.txt:nnnCrGGnn	Fly_TypeI.txt:nnnCnnnnn	0.0827252;(0,0)
Human_TypeI.txt:nnnCrGGnn	Fly_sub1.txt:nwnCnGnnn	0.239208;(0,0)
Human_TypeI.txt:nnnCrGGnn	Fly_sub2.txt:nnnCnGnnn	0.0709993;(0,0)
Human_TypeI.txt:nnnCrGGnn	Fly_sub3.txt:nnnCGnnGn	0.179901;(0,0)
Human_TypeI.txt:nnnCrGGnn	Human_TypeI.txt:nnnCrGGnn	0;(0,0)
Human_TypeI.txt:nnnCrGGnn	Mouse_TypeI.txt:nnnCrnnnn	0.00806352;(0,0)
Human_TypeI.txt:nnnCrGGnn	XL_TypeI.txt:nnnCrnnnn	0.0541956;(0,0)
Human_TypeI.txt:nnnCrGGnn	XT_TypeI.txt:nnnCrnnnn	0.0365102;(0,0)
Human_TypeI.txt:nnnCrGGnn	ZF_TypeI.txt:nnnCrnnnn	0.0386445;(0,0)
Mouse_TypeI.txt:nnnCrnnnn	Fly_TypeI.txt:nnnCnnnnn	0.0633352;(0,0)
Mouse_TypeI.txt:nnnCrnnnn	Fly_sub1.txt:nwnCnGnnn	0.217646;(0,0)
Mouse_TypeI.txt:nnnCrnnnn	Fly_sub2.txt:nnnCnGnnn	0.065193;(0,0)
Mouse_TypeI.txt:nnnCrnnnn	Fly_sub3.txt:nnnCGnnGn	0.157057;(0,0)
Mouse_TypeI.txt:nnnCrnnnn	Human_TypeI.txt:nnnCrGGnn	0.00806352;(0,0)
Mouse_TypeI.txt:nnnCrnnnn	Mouse_TypeI.txt:nnnCrnnnn	0;(0,0)
Mouse_TypeI.txt:nnnCrnnnn	XL_TypeI.txt:nnnCrnnnn	0.0326671;(0,0)
Mouse_TypeI.txt:nnnCrnnnn	XT_TypeI.txt:nnnCrnnnn	0.0226457;(0,0)
Mouse_TypeI.txt:nnnCrnnnn	ZF_TypeI.txt:nnnCrnnnn	0.023654;(0,0)
XL_TypeI.txt:nnnCrnnnn	Fly_TypeI.txt:nnnCnnnnn	0.0746471;(0,0)
XL_TypeI.txt:nnnCrnnnn	Fly_sub1.txt:nwnCnGnnn	0.237209;(0,0)
XL_TypeI.txt:nnnCrnnnn	Fly_sub2.txt:nnnCnGnnn	0.109352;(0,0)
XL_TypeI.txt:nnnCrnnnn	Fly_sub3.txt:nnnCGnnGn	0.14971;(0,0)
XL_TypeI.txt:nnnCrnnnn	Human_TypeI.txt:nnnCrGGnn	0.0541956;(0,0)
XL_TypeI.txt:nnnCrnnnn	Mouse_TypeI.txt:nnnCrnnnn	0.0326671;(0,0)
XL_TypeI.txt:nnnCrnnnn	XL_TypeI.txt:nnnCrnnnn	0;(0,0)
XL_TypeI.txt:nnnCrnnnn	XT_TypeI.txt:nnnCrnnnn	0.00375011;(0,0)
XL_TypeI.txt:nnnCrnnnn	ZF_TypeI.txt:nnnCrnnnn	0.0151279;(0,0)
XT_TypeI.txt:nnnCrnnnn	Fly_TypeI.txt:nnnCnnnnn	0.0582312;(0,0)
XT_TypeI.txt:nnnCrnnnn	Fly_sub1.txt:nwnCnGnnn	0.232104;(0,0)
XT_TypeI.txt:nnnCrnnnn	Fly_sub2.txt:nnnCnGnnn	0.0871975;(0,0)
XT_TypeI.txt:nnnCrnnnn	Fly_sub3.txt:nnnCGnnGn	0.131291;(0,0)
XT_TypeI.txt:nnnCrnnnn	Human_TypeI.txt:nnnCrGGnn	0.0365102;(0,0)
XT_TypeI.txt:nnnCrnnnn	Mouse_TypeI.txt:nnnCrnnnn	0.0226457;(0,0)
XT_TypeI.txt:nnnCrnnnn	XL_TypeI.txt:nnnCrnnnn	0.00375011;(0,0)
XT_TypeI.txt:nnnCrnnnn	XT_TypeI.txt:nnnCrnnnn	0;(0,0)
XT_TypeI.txt:nnnCrnnnn	ZF_TypeI.txt:nnnCrnnnn	0.00861976;(0,0)
ZF_TypeI.txt:nnnCrnnnn	Fly_TypeI.txt:nnnCnnnnn	0.0447458;(0,0)
ZF_TypeI.txt:nnnCrnnnn	Fly_sub1.txt:nwnCnGnnn	0.218839;(0,0)
ZF_TypeI.txt:nnnCrnnnn	Fly_sub2.txt:nnnCnGnnn	0.0820157;(0,0)
ZF_TypeI.txt:nnnCrnnnn	Fly_sub3.txt:nnnCGnnGn	0.114913;(0,0)
ZF_TypeI.txt:nnnCrnnnn	Human_TypeI.txt:nnnCrGGnn	0.0386445;(0,0)
ZF_TypeI.txt:nnnCrnnnn	Mouse_TypeI.txt:nnnCrnnnn	0.023654;(0,0)
ZF_TypeI.txt:nnnCrnnnn	XL_TypeI.txt:nnnCrnnnn	0.0151279;(0,0)
ZF_TypeI.txt:nnnCrnnnn	XT_TypeI.txt:nnnCrnnnn	0.00861976;(0,0)
ZF_TypeI.txt:nnnCrnnnn	ZF_TypeI.txt:nnnCrnnnn	0;(0,0)